<?xml version="1.0" encoding="UTF-8"?>
<!-- Generated by org.testng.reporters.JUnitXMLReporter -->
<testsuite ignored="0" hostname="DESKTOP-A1CAE3L" failures="1" tests="1" name="Surefire test" time="14.55" errors="0" timestamp="03 ago. 2022 17:46:36 GMT">
  <testcase classname="com.demo.tests.SmokeTest" name="SmokeTest1" time="14.49">
    <failure type="org.openqa.selenium.support.ui.UnexpectedTagNameException" message="Element should have been &amp;quot;select&amp;quot; but was &amp;quot;a&amp;quot;
Build info: version: &amp;apos;4.0.0&amp;apos;, revision: &amp;apos;3a21814679&amp;apos;
System info: host: &amp;apos;DESKTOP-A1CAE3L&amp;apos;, ip: &amp;apos;192.168.15.4&amp;apos;, os.name: &amp;apos;Windows 10&amp;apos;, os.arch: &amp;apos;amd64&amp;apos;, os.version: &amp;apos;10.0&amp;apos;, java.version: &amp;apos;17.0.3&amp;apos;
Driver info: driver.version: unknown">
      <![CDATA[org.openqa.selenium.support.ui.UnexpectedTagNameException: Element should have been "select" but was "a"
Build info: version: '4.0.0', revision: '3a21814679'
System info: host: 'DESKTOP-A1CAE3L', ip: '192.168.15.4', os.name: 'Windows 10', os.arch: 'amd64', os.version: '10.0', java.version: '17.0.3'
Driver info: driver.version: unknown
at org.openqa.selenium.support.ui.Select.<init>(Select.java:49)
at com.demo.tool.Automacao.irparapagina(Automacao.java:188)
at com.demo.pages.HomePage.abrirpagina(HomePage.java:15)
at com.demo.site.DemonstracaoSite.preencherForm(DemonstracaoSite.java:16)
at com.demo.tests.SmokeTest.SmokeTest1(SmokeTest.java:14)
... Removed 30 stack frames]]>
    </failure>
  </testcase> <!-- SmokeTest1 -->
</testsuite> <!-- Surefire test -->
